<?xml version="1.0" encoding="UTF-8"?>
<!-- Generated by org.testng.reporters.JUnitXMLReporter -->
<testsuite ignored="21" hostname="LX-BLR-LT-002" failures="1" tests="3" name="Test" time="177.894" errors="0" timestamp="2024-11-19T19:42:26 IST">
  <testcase classname="MayurTest.AllTestCasesLinkCxoApp" name="LoginInWithEmailid" time="23.43"/>
  <testcase classname="MayurTest.AllTestCasesLinkCxoApp" name="CreateNewEvent" time="66.623"/>
  <testcase classname="MayurTest.AllTestCasesLinkCxoApp" name="CreateClub" time="72.257">
    <failure type="org.openqa.selenium.TimeoutException" message="Expected condition failed: waiting for visibility of Proxy element for: DefaultElementLocator &amp;apos;By.xpath: //android.widget.Button[@content-desc=&amp;quot;Publish Club&amp;quot;]/android.widget.TextView&amp;apos; (tried for 20 second(s) with 500 milliseconds interval)">
      <![CDATA[org.openqa.selenium.TimeoutException: Expected condition failed: waiting for visibility of Proxy element for: DefaultElementLocator 'By.xpath: //android.widget.Button[@content-desc="Publish Club"]/android.widget.TextView' (tried for 20 second(s) with 500 milliseconds interval)
at org.openqa.selenium.support.ui.WebDriverWait.timeoutException(WebDriverWait.java:95)
at org.openqa.selenium.support.ui.FluentWait.until(FluentWait.java:272)
at LinkCxO2.O.Utils.ActionKeywords.clickElement(ActionKeywords.java:32)
at LinkCxO2.O.Pages.CreateClubNew.ClickonPublishClub(CreateClubNew.java:156)
at MayurTest.AllTestCasesLinkCxoApp.CreateClub(AllTestCasesLinkCxoApp.java:1145)
at java.base/java.util.ArrayList.forEach(ArrayList.java:1596)
Caused by: org.openqa.selenium.NoSuchElementException: An element could not be located on the page using the given search parameters.
For documentation on this error, please visit: https://www.seleniumhq.org/exceptions/no_such_element.html
Build info: version: '3.141.59', revision: 'e82be7d358', time: '2018-11-14T08:17:03'
System info: host: 'LX-BLR-LT-002', ip: '10.36.56.74', os.name: 'Windows 11', os.arch: 'amd64', os.version: '10.0', java.version: '21.0.2'
Driver info: io.appium.java_client.android.AndroidDriver
Capabilities {UDID: emulator-5554, app: C:\Users\Mayur More\eclipse..., appPackage: com.linkcxo.linkcxo, databaseEnabled: false, desired: {UDID: emulator-5554, app: C:\Users\Mayur More\eclipse..., deviceName: LinkCxOPhone, platformName: android, platformVersion: 13}, deviceApiLevel: 33, deviceManufacturer: Google, deviceModel: sdk_gphone_x86_64, deviceName: emulator-5554, deviceScreenDensity: 420, deviceScreenSize: 1080x2400, deviceUDID: emulator-5554, javascriptEnabled: true, locationContextEnabled: false, networkConnectionEnabled: true, pixelRatio: 2.625, platform: LINUX, platformName: Android, platformVersion: 13, statBarHeight: 128, takesScreenshot: true, viewportRect: {height: 2081, left: 0, top: 128, width: 1080}, warnings: {}, webStorageEnabled: false}
Session ID: 01aa7c6d-8593-4d91-afd8-12f38a925da2
*** Element info: {Using=xpath, value=//android.widget.Button[@content-desc="Publish Club"]/android.widget.TextView}
at org.openqa.selenium.remote.http.W3CHttpResponseCodec.createException(W3CHttpResponseCodec.java:187)
at org.openqa.selenium.remote.http.W3CHttpResponseCodec.decode(W3CHttpResponseCodec.java:122)
at org.openqa.selenium.remote.http.W3CHttpResponseCodec.decode(W3CHttpResponseCodec.java:49)
at org.openqa.selenium.remote.HttpCommandExecutor.execute(HttpCommandExecutor.java:158)
at io.appium.java_client.remote.AppiumCommandExecutor.execute(AppiumCommandExecutor.java:247)
at org.openqa.selenium.remote.RemoteWebDriver.execute(RemoteWebDriver.java:552)
at io.appium.java_client.DefaultGenericMobileDriver.execute(DefaultGenericMobileDriver.java:41)
at io.appium.java_client.AppiumDriver.execute(AppiumDriver.java:1)
at io.appium.java_client.android.AndroidDriver.execute(AndroidDriver.java:1)
at org.openqa.selenium.remote.RemoteWebDriver.findElement(RemoteWebDriver.java:323)
at io.appium.java_client.DefaultGenericMobileDriver.findElement(DefaultGenericMobileDriver.java:61)
at io.appium.java_client.AppiumDriver.findElement(AppiumDriver.java:1)
at io.appium.java_client.android.AndroidDriver.findElement(AndroidDriver.java:1)
at org.openqa.selenium.remote.RemoteWebDriver.findElementByXPath(RemoteWebDriver.java:428)
at io.appium.java_client.DefaultGenericMobileDriver.findElementByXPath(DefaultGenericMobileDriver.java:151)
at io.appium.java_client.AppiumDriver.findElementByXPath(AppiumDriver.java:1)
at io.appium.java_client.android.AndroidDriver.findElementByXPath(AndroidDriver.java:1)
at org.openqa.selenium.By$ByXPath.findElement(By.java:353)
at org.openqa.selenium.remote.RemoteWebDriver.findElement(RemoteWebDriver.java:315)
at io.appium.java_client.DefaultGenericMobileDriver.findElement(DefaultGenericMobileDriver.java:57)
at io.appium.java_client.AppiumDriver.findElement(AppiumDriver.java:1)
at io.appium.java_client.android.AndroidDriver.findElement(AndroidDriver.java:1)
at org.openqa.selenium.support.pagefactory.DefaultElementLocator.findElement(DefaultElementLocator.java:69)
at org.openqa.selenium.support.pagefactory.internal.LocatingElementHandler.invoke(LocatingElementHandler.java:38)
at jdk.proxy2/jdk.proxy2.$Proxy14.isDisplayed(Unknown Source)
at org.openqa.selenium.support.ui.ExpectedConditions.elementIfVisible(ExpectedConditions.java:314)
at org.openqa.selenium.support.ui.ExpectedConditions.access$000(ExpectedConditions.java:43)
at org.openqa.selenium.support.ui.ExpectedConditions$10.apply(ExpectedConditions.java:300)
at org.openqa.selenium.support.ui.ExpectedConditions$10.apply(ExpectedConditions.java:297)
at org.openqa.selenium.support.ui.FluentWait.until(FluentWait.java:249)
... 29 more
... Removed 28 stack frames]]>
    </failure>
  </testcase> <!-- CreateClub -->
  <testcase classname="MayurTest.AllTestCasesLinkCxoApp" name="EditProfileFull" time="0.0">
    <ignored/>
  </testcase> <!-- EditProfileFull -->
  <testcase classname="MayurTest.AllTestCasesLinkCxoApp" name="CreatePost" time="0.0">
    <ignored/>
  </testcase> <!-- CreatePost -->
  <testcase classname="MayurTest.AllTestCasesLinkCxoApp" name="CreateJobinCompany" time="0.0">
    <ignored/>
  </testcase> <!-- CreateJobinCompany -->
  <testcase classname="MayurTest.AllTestCasesLinkCxoApp" name="PostAsQueryinCompany" time="0.0">
    <ignored/>
  </testcase> <!-- PostAsQueryinCompany -->
  <testcase classname="MayurTest.AllTestCasesLinkCxoApp" name="NewUSerSignUP" time="0.0">
    <ignored/>
  </testcase> <!-- NewUSerSignUP -->
  <testcase classname="MayurTest.AllTestCasesLinkCxoApp" name="CreateSurvey" time="0.0">
    <ignored/>
  </testcase> <!-- CreateSurvey -->
  <testcase classname="MayurTest.AllTestCasesLinkCxoApp" name="CreatePollinCompany" time="0.0">
    <ignored/>
  </testcase> <!-- CreatePollinCompany -->
  <testcase classname="MayurTest.AllTestCasesLinkCxoApp" name="ClubComposeAnArticle" time="0.0">
    <ignored/>
  </testcase> <!-- ClubComposeAnArticle -->
  <testcase classname="MayurTest.AllTestCasesLinkCxoApp" name="CreateSurveyinCompany" time="0.0">
    <ignored/>
  </testcase> <!-- CreateSurveyinCompany -->
  <testcase classname="MayurTest.AllTestCasesLinkCxoApp" name="CreateASurvetinClub" time="0.0">
    <ignored/>
  </testcase> <!-- CreateASurvetinClub -->
  <testcase classname="MayurTest.AllTestCasesLinkCxoApp" name="PostAsQuery" time="0.0">
    <ignored/>
  </testcase> <!-- PostAsQuery -->
  <testcase classname="MayurTest.AllTestCasesLinkCxoApp" name="CreateNewJob" time="0.0">
    <ignored/>
  </testcase> <!-- CreateNewJob -->
  <testcase classname="MayurTest.AllTestCasesLinkCxoApp" name="ChangeCandidateStaus" time="0.0">
    <ignored/>
  </testcase> <!-- ChangeCandidateStaus -->
  <testcase classname="MayurTest.AllTestCasesLinkCxoApp" name="ApplyJob" time="0.0">
    <ignored/>
  </testcase> <!-- ApplyJob -->
  <testcase classname="MayurTest.AllTestCasesLinkCxoApp" name="PostAsQueryinClub" time="0.0">
    <ignored/>
  </testcase> <!-- PostAsQueryinClub -->
  <testcase classname="MayurTest.AllTestCasesLinkCxoApp" name="CreatePollinClub" time="0.0">
    <ignored/>
  </testcase> <!-- CreatePollinClub -->
  <testcase classname="MayurTest.AllTestCasesLinkCxoApp" name="CreatePoll" time="0.0">
    <ignored/>
  </testcase> <!-- CreatePoll -->
  <testcase classname="MayurTest.AllTestCasesLinkCxoApp" name="ComposeAnArticleinCompany" time="0.0">
    <ignored/>
  </testcase> <!-- ComposeAnArticleinCompany -->
  <testcase classname="MayurTest.AllTestCasesLinkCxoApp" name="ClubCreatePost" time="0.0">
    <ignored/>
  </testcase> <!-- ClubCreatePost -->
  <testcase classname="MayurTest.AllTestCasesLinkCxoApp" name="ComposeArticle" time="0.0">
    <ignored/>
  </testcase> <!-- ComposeArticle -->
  <testcase classname="MayurTest.AllTestCasesLinkCxoApp" name="CreatePostinCompany" time="0.0">
    <ignored/>
  </testcase> <!-- CreatePostinCompany -->
</testsuite> <!-- Test -->
