<?xml version="1.0" encoding="UTF-8"?>
<testng-results ignored="20" total="24" passed="3" failed="1" skipped="0">
  <reporter-output>
  </reporter-output>
  <suite started-at="2024-11-18T18:50:07 IST" name="Suite" finished-at="2024-11-18T18:53:25 IST" duration-ms="198581">
    <groups>
    </groups>
    <test started-at="2024-11-18T18:50:07 IST" name="Test" finished-at="2024-11-18T18:53:25 IST" duration-ms="198581">
      <class name="MayurTest.AllTestCasesLinkCxoApp">
        <test-method is-config="true" signature="SetUp()[pri:0, instance:MayurTest.AllTestCasesLinkCxoApp@49139829]" started-at="2024-11-18T18:50:07 IST" name="SetUp" finished-at="2024-11-18T18:50:21 IST" duration-ms="14470" status="PASS">
          <reporter-output>
          </reporter-output>
        </test-method> <!-- SetUp -->
        <test-method is-config="true" signature="beforeMethod()[pri:0, instance:MayurTest.AllTestCasesLinkCxoApp@49139829]" started-at="2024-11-18T18:50:21 IST" name="beforeMethod" finished-at="2024-11-18T18:50:21 IST" duration-ms="1" status="PASS">
          <reporter-output>
          </reporter-output>
        </test-method> <!-- beforeMethod -->
        <test-method signature="LoginInWithEmailid()[pri:1, instance:MayurTest.AllTestCasesLinkCxoApp@49139829]" started-at="2024-11-18T18:50:21 IST" name="LoginInWithEmailid" finished-at="2024-11-18T18:50:43 IST" duration-ms="21571" status="PASS">
          <reporter-output>
          </reporter-output>
        </test-method> <!-- LoginInWithEmailid -->
        <test-method is-config="true" signature="afterMethod()[pri:0, instance:MayurTest.AllTestCasesLinkCxoApp@49139829]" started-at="2024-11-18T18:50:43 IST" name="afterMethod" finished-at="2024-11-18T18:50:43 IST" duration-ms="1" status="PASS">
          <reporter-output>
          </reporter-output>
        </test-method> <!-- afterMethod -->
        <test-method signature="CreatePost()[pri:2, instance:MayurTest.AllTestCasesLinkCxoApp@49139829]" started-at="2024-11-18T18:50:43 IST" name="CreatePost" finished-at="2024-11-18T18:51:05 IST" duration-ms="22552" status="PASS">
          <reporter-output>
          </reporter-output>
        </test-method> <!-- CreatePost -->
        <test-method is-config="true" signature="beforeMethod()[pri:0, instance:MayurTest.AllTestCasesLinkCxoApp@49139829]" started-at="2024-11-18T18:50:43 IST" name="beforeMethod" finished-at="2024-11-18T18:50:43 IST" duration-ms="0" status="PASS">
          <reporter-output>
          </reporter-output>
        </test-method> <!-- beforeMethod -->
        <test-method is-config="true" signature="afterMethod()[pri:0, instance:MayurTest.AllTestCasesLinkCxoApp@49139829]" started-at="2024-11-18T18:51:05 IST" name="afterMethod" finished-at="2024-11-18T18:51:05 IST" duration-ms="1" status="PASS">
          <reporter-output>
          </reporter-output>
        </test-method> <!-- afterMethod -->
        <test-method signature="CreateNewEvent()[pri:8, instance:MayurTest.AllTestCasesLinkCxoApp@49139829]" started-at="2024-11-18T18:51:05 IST" name="CreateNewEvent" finished-at="2024-11-18T18:52:12 IST" duration-ms="66561" status="PASS">
          <reporter-output>
          </reporter-output>
        </test-method> <!-- CreateNewEvent -->
        <test-method is-config="true" signature="beforeMethod()[pri:0, instance:MayurTest.AllTestCasesLinkCxoApp@49139829]" started-at="2024-11-18T18:51:05 IST" name="beforeMethod" finished-at="2024-11-18T18:51:05 IST" duration-ms="0" status="PASS">
          <reporter-output>
          </reporter-output>
        </test-method> <!-- beforeMethod -->
        <test-method is-config="true" signature="afterMethod()[pri:0, instance:MayurTest.AllTestCasesLinkCxoApp@49139829]" started-at="2024-11-18T18:52:12 IST" name="afterMethod" finished-at="2024-11-18T18:52:12 IST" duration-ms="0" status="PASS">
          <reporter-output>
          </reporter-output>
        </test-method> <!-- afterMethod -->
        <test-method is-config="true" signature="beforeMethod()[pri:0, instance:MayurTest.AllTestCasesLinkCxoApp@49139829]" started-at="2024-11-18T18:52:12 IST" name="beforeMethod" finished-at="2024-11-18T18:52:12 IST" duration-ms="1" status="PASS">
          <reporter-output>
          </reporter-output>
        </test-method> <!-- beforeMethod -->
        <test-method signature="CreateClub()[pri:9, instance:MayurTest.AllTestCasesLinkCxoApp@49139829]" started-at="2024-11-18T18:52:12 IST" name="CreateClub" finished-at="2024-11-18T18:53:24 IST" duration-ms="72323" status="FAIL">
          <exception class="org.openqa.selenium.TimeoutException">
            <message>
              <![CDATA[Expected condition failed: waiting for visibility of Proxy element for: DefaultElementLocator 'By.xpath: //android.widget.Button[@content-desc="Publish Club"]/android.widget.TextView' (tried for 20 second(s) with 500 milliseconds interval)]]>
            </message>
            <full-stacktrace>
              <![CDATA[org.openqa.selenium.TimeoutException: Expected condition failed: waiting for visibility of Proxy element for: DefaultElementLocator 'By.xpath: //android.widget.Button[@content-desc="Publish Club"]/android.widget.TextView' (tried for 20 second(s) with 500 milliseconds interval)
at org.openqa.selenium.support.ui.WebDriverWait.timeoutException(WebDriverWait.java:95)
at org.openqa.selenium.support.ui.FluentWait.until(FluentWait.java:272)
at LinkCxO2.O.Utils.ActionKeywords.clickElement(ActionKeywords.java:32)
at LinkCxO2.O.Pages.CreateClubNew.ClickonPublishClub(CreateClubNew.java:156)
at MayurTest.AllTestCasesLinkCxoApp.CreateClub(AllTestCasesLinkCxoApp.java:1145)
at java.base/jdk.internal.reflect.DirectMethodHandleAccessor.invoke(DirectMethodHandleAccessor.java:103)
at java.base/java.lang.reflect.Method.invoke(Method.java:580)
at org.testng.internal.MethodInvocationHelper.invokeMethod(MethodInvocationHelper.java:133)
at org.testng.internal.TestInvoker.invokeMethod(TestInvoker.java:598)
at org.testng.internal.TestInvoker.invokeTestMethod(TestInvoker.java:173)
at org.testng.internal.MethodRunner.runInSequence(MethodRunner.java:46)
at org.testng.internal.TestInvoker$MethodInvocationAgent.invoke(TestInvoker.java:824)
at org.testng.internal.TestInvoker.invokeTestMethods(TestInvoker.java:146)
at org.testng.internal.TestMethodWorker.invokeTestMethods(TestMethodWorker.java:146)
at org.testng.internal.TestMethodWorker.run(TestMethodWorker.java:128)
at java.base/java.util.ArrayList.forEach(ArrayList.java:1596)
at org.testng.TestRunner.privateRun(TestRunner.java:794)
at org.testng.TestRunner.run(TestRunner.java:596)
at org.testng.SuiteRunner.runTest(SuiteRunner.java:377)
at org.testng.SuiteRunner.runSequentially(SuiteRunner.java:371)
at org.testng.SuiteRunner.privateRun(SuiteRunner.java:332)
at org.testng.SuiteRunner.run(SuiteRunner.java:276)
at org.testng.SuiteRunnerWorker.runSuite(SuiteRunnerWorker.java:53)
at org.testng.SuiteRunnerWorker.run(SuiteRunnerWorker.java:96)
at org.testng.TestNG.runSuitesSequentially(TestNG.java:1212)
at org.testng.TestNG.runSuitesLocally(TestNG.java:1134)
at org.testng.TestNG.runSuites(TestNG.java:1063)
at org.testng.TestNG.run(TestNG.java:1031)
at org.testng.remote.AbstractRemoteTestNG.run(AbstractRemoteTestNG.java:115)
at org.testng.remote.RemoteTestNG.initAndRun(RemoteTestNG.java:293)
at org.testng.remote.RemoteTestNG.main(RemoteTestNG.java:91)
Caused by: org.openqa.selenium.NoSuchElementException: An element could not be located on the page using the given search parameters.
For documentation on this error, please visit: https://www.seleniumhq.org/exceptions/no_such_element.html
Build info: version: '3.141.59', revision: 'e82be7d358', time: '2018-11-14T08:17:03'
System info: host: 'LX-BLR-LT-002', ip: '10.36.56.74', os.name: 'Windows 11', os.arch: 'amd64', os.version: '10.0', java.version: '21.0.2'
Driver info: io.appium.java_client.android.AndroidDriver
Capabilities {UDID: emulator-5554, app: C:\Users\Mayur More\eclipse..., appPackage: com.linkcxo.linkcxo, databaseEnabled: false, desired: {UDID: emulator-5554, app: C:\Users\Mayur More\eclipse..., deviceName: LinkCxOPhone, platformName: android, platformVersion: 13}, deviceApiLevel: 33, deviceManufacturer: Google, deviceModel: sdk_gphone_x86_64, deviceName: emulator-5554, deviceScreenDensity: 420, deviceScreenSize: 1080x2400, deviceUDID: emulator-5554, javascriptEnabled: true, locationContextEnabled: false, networkConnectionEnabled: true, pixelRatio: 2.625, platform: LINUX, platformName: Android, platformVersion: 13, statBarHeight: 128, takesScreenshot: true, viewportRect: {height: 2081, left: 0, top: 128, width: 1080}, warnings: {}, webStorageEnabled: false}
Session ID: 2d5c44bf-b2cb-4ff0-8c30-8ebfd08d9ab6
*** Element info: {Using=xpath, value=//android.widget.Button[@content-desc="Publish Club"]/android.widget.TextView}
at java.base/jdk.internal.reflect.DirectConstructorHandleAccessor.newInstance(DirectConstructorHandleAccessor.java:62)
at java.base/java.lang.reflect.Constructor.newInstanceWithCaller(Constructor.java:502)
at java.base/java.lang.reflect.Constructor.newInstance(Constructor.java:486)
at org.openqa.selenium.remote.http.W3CHttpResponseCodec.createException(W3CHttpResponseCodec.java:187)
at org.openqa.selenium.remote.http.W3CHttpResponseCodec.decode(W3CHttpResponseCodec.java:122)
at org.openqa.selenium.remote.http.W3CHttpResponseCodec.decode(W3CHttpResponseCodec.java:49)
at org.openqa.selenium.remote.HttpCommandExecutor.execute(HttpCommandExecutor.java:158)
at io.appium.java_client.remote.AppiumCommandExecutor.execute(AppiumCommandExecutor.java:247)
at org.openqa.selenium.remote.RemoteWebDriver.execute(RemoteWebDriver.java:552)
at io.appium.java_client.DefaultGenericMobileDriver.execute(DefaultGenericMobileDriver.java:41)
at io.appium.java_client.AppiumDriver.execute(AppiumDriver.java:1)
at io.appium.java_client.android.AndroidDriver.execute(AndroidDriver.java:1)
at org.openqa.selenium.remote.RemoteWebDriver.findElement(RemoteWebDriver.java:323)
at io.appium.java_client.DefaultGenericMobileDriver.findElement(DefaultGenericMobileDriver.java:61)
at io.appium.java_client.AppiumDriver.findElement(AppiumDriver.java:1)
at io.appium.java_client.android.AndroidDriver.findElement(AndroidDriver.java:1)
at org.openqa.selenium.remote.RemoteWebDriver.findElementByXPath(RemoteWebDriver.java:428)
at io.appium.java_client.DefaultGenericMobileDriver.findElementByXPath(DefaultGenericMobileDriver.java:151)
at io.appium.java_client.AppiumDriver.findElementByXPath(AppiumDriver.java:1)
at io.appium.java_client.android.AndroidDriver.findElementByXPath(AndroidDriver.java:1)
at org.openqa.selenium.By$ByXPath.findElement(By.java:353)
at org.openqa.selenium.remote.RemoteWebDriver.findElement(RemoteWebDriver.java:315)
at io.appium.java_client.DefaultGenericMobileDriver.findElement(DefaultGenericMobileDriver.java:57)
at io.appium.java_client.AppiumDriver.findElement(AppiumDriver.java:1)
at io.appium.java_client.android.AndroidDriver.findElement(AndroidDriver.java:1)
at org.openqa.selenium.support.pagefactory.DefaultElementLocator.findElement(DefaultElementLocator.java:69)
at org.openqa.selenium.support.pagefactory.internal.LocatingElementHandler.invoke(LocatingElementHandler.java:38)
at jdk.proxy2/jdk.proxy2.$Proxy14.isDisplayed(Unknown Source)
at org.openqa.selenium.support.ui.ExpectedConditions.elementIfVisible(ExpectedConditions.java:314)
at org.openqa.selenium.support.ui.ExpectedConditions.access$000(ExpectedConditions.java:43)
at org.openqa.selenium.support.ui.ExpectedConditions$10.apply(ExpectedConditions.java:300)
at org.openqa.selenium.support.ui.ExpectedConditions$10.apply(ExpectedConditions.java:297)
at org.openqa.selenium.support.ui.FluentWait.until(FluentWait.java:249)
... 29 more
]]>
            </full-stacktrace>
          </exception> <!-- org.openqa.selenium.TimeoutException -->
          <reporter-output>
          </reporter-output>
        </test-method> <!-- CreateClub -->
        <test-method is-config="true" signature="afterMethod()[pri:0, instance:MayurTest.AllTestCasesLinkCxoApp@49139829]" started-at="2024-11-18T18:53:24 IST" name="afterMethod" finished-at="2024-11-18T18:53:24 IST" duration-ms="0" status="PASS">
          <reporter-output>
          </reporter-output>
        </test-method> <!-- afterMethod -->
        <test-method is-config="true" signature="tearDown()[pri:0, instance:MayurTest.AllTestCasesLinkCxoApp@49139829]" started-at="2024-11-18T18:53:24 IST" name="tearDown" finished-at="2024-11-18T18:53:25 IST" duration-ms="1061" status="PASS">
          <reporter-output>
          </reporter-output>
        </test-method> <!-- tearDown -->
      </class> <!-- MayurTest.AllTestCasesLinkCxoApp -->
    </test> <!-- Test -->
  </suite> <!-- Suite -->
</testng-results>
